{
  "stats": {
    "suites": 1,
    "tests": 5,
    "passes": 4,
    "pending": 0,
    "failures": 1,
    "start": "2026-09-12T10:22:57.235Z",
    "end": "2026-09-12T10:23:02.089Z",
    "duration": 4854,
    "testsRegistered": 5,
    "passPercent": 80,
    "pendingPercent": 0,
    "other": 0,
    "hasOther": false,
    "skipped": 0,
    "hasSkipped": false
  },
  "results": [
    {
      "uuid": "281d15c6-41f4-4bbf-bee5-95cb3394e02d",
      "title": "",
      "fullFile": "cypress\\e2e\\booking.cy.js",
      "file": "cypress\\e2e\\booking.cy.js",
      "beforeHooks": [],
      "afterHooks": [],
      "tests": [],
      "suites": [
        {
          "uuid": "16d2daa0-24f3-42fb-b22e-69a4c4330a95",
          "title": "Event booking flow",
          "fullFile": "",
          "file": "",
          "beforeHooks": [],
          "afterHooks": [],
          "tests": [
            {
              "title": "lists available events",
              "fullTitle": "Event booking flow lists available events",
              "timedOut": null,
              "duration": 1252,
              "state": "passed",
              "speed": "fast",
              "pass": true,
              "fail": false,
              "pending": false,
              "context": null,
              "code": "cy.get('[data-cy=event-card]').should('have.length.greaterThan', 0);",
              "err": {},
              "uuid": "6c448a25-01b9-4e7e-821c-f9dfc29bfb84",
              "parentUUID": "16d2daa0-24f3-42fb-b22e-69a4c4330a95",
              "isHook": false,
              "skipped": false
            },
            {
              "title": "shows the booking form after selecting an event",
              "fullTitle": "Event booking flow shows the booking form after selecting an event",
              "timedOut": null,
              "duration": 254,
              "state": "passed",
              "speed": "fast",
              "pass": true,
              "fail": false,
              "pending": false,
              "context": null,
              "code": "cy.get('[data-cy=select-event]').first().click();\ncy.get('[data-cy=customer-name]').should('be.visible');",
              "err": {},
              "uuid": "4778dff3-dd9d-43b3-8baf-b1998a19ab86",
              "parentUUID": "16d2daa0-24f3-42fb-b22e-69a4c4330a95",
              "isHook": false,
              "skipped": false
            },
            {
              "title": "rejects booking with missing fields",
              "fullTitle": "Event booking flow rejects booking with missing fields",
              "timedOut": null,
              "duration": 305,
              "state": "passed",
              "speed": "fast",
              "pass": true,
              "fail": false,
              "pending": false,
              "context": null,
              "code": "cy.get('[data-cy=select-event]').first().click();\ncy.get('[data-cy=submit-booking]').click();\ncy.get('[data-cy=booking-error]').should('be.visible');",
              "err": {},
              "uuid": "a1b9e7a6-37bf-4ff9-9bb9-f034aa419dd3",
              "parentUUID": "16d2daa0-24f3-42fb-b22e-69a4c4330a95",
              "isHook": false,
              "skipped": false
            },
            {
              "title": "confirms a valid booking",
              "fullTitle": "Event booking flow confirms a valid booking",
              "timedOut": null,
              "duration": 1273,
              "state": "passed",
              "speed": "fast",
              "pass": true,
              "fail": false,
              "pending": false,
              "context": null,
              "code": "cy.get('[data-cy=select-event]').first().click();\ncy.get('[data-cy=customer-name]').type('Fahim Rahman');\ncy.get('[data-cy=customer-email]').type('fahim@example.com');\ncy.get('[data-cy=seat-count]').clear().type('2');\ncy.get('[data-cy=submit-booking]').click();\ncy.get('[data-cy=booking-success]').should('be.visible');",
              "err": {},
              "uuid": "25804228-8afe-48a3-9854-0bd30f338612",
              "parentUUID": "16d2daa0-24f3-42fb-b22e-69a4c4330a95",
              "isHook": false,
              "skipped": false
            },
            {
              "title": "reduces available seats after a successful booking",
              "fullTitle": "Event booking flow reduces available seats after a successful booking",
              "timedOut": null,
              "duration": 1613,
              "state": "failed",
              "speed": null,
              "pass": false,
              "fail": true,
              "pending": false,
              "context": null,
              "code": "const eventName = 'Dhaka Tech Summit 2026';\ncy.contains('[data-cy=event-card]', eventName).find('p').eq(1).invoke('text').then(before => {\n  const seatsBefore = parseInt(before.match(/(\\d+)\\s*\\/\\s*(\\d+)/)[1], 10);\n  cy.contains('[data-cy=event-card]', eventName).find('[data-cy=select-event]').click();\n  cy.get('[data-cy=customer-name]').type('Nusrat Jahan');\n  cy.get('[data-cy=customer-email]').type('nusrat@example.com');\n  cy.get('[data-cy=seat-count]').clear().type('3');\n  cy.get('[data-cy=submit-booking]').click();\n  cy.get('[data-cy=booking-success]').should('be.visible');\n  cy.reload();\n  cy.contains('[data-cy=event-card]', eventName).find('p').eq(1).invoke('text').then(after => {\n    const seatsAfter = parseInt(after.match(/(\\d+)\\s*\\/\\s*(\\d+)/)[1], 10);\n    expect(seatsAfter).to.eq(seatsBefore - 3);\n  });\n});",
              "err": {
                "message": "AssertionError: expected 210 to equal 204",
                "estack": "AssertionError: expected 210 to equal 204\n    at Context.eval (webpack://sentinel-e2e-and-tools/./cypress/e2e/booking.cy.js:53:34)",
                "diff": "- 210\n+ 204\n"
              },
              "uuid": "8d399522-50a6-4e97-b39d-0caf24a7323c",
              "parentUUID": "16d2daa0-24f3-42fb-b22e-69a4c4330a95",
              "isHook": false,
              "skipped": false
            }
          ],
          "suites": [],
          "passes": [
            "6c448a25-01b9-4e7e-821c-f9dfc29bfb84",
            "4778dff3-dd9d-43b3-8baf-b1998a19ab86",
            "a1b9e7a6-37bf-4ff9-9bb9-f034aa419dd3",
            "25804228-8afe-48a3-9854-0bd30f338612"
          ],
          "failures": [
            "8d399522-50a6-4e97-b39d-0caf24a7323c"
          ],
          "pending": [],
          "skipped": [],
          "duration": 4697,
          "root": false,
          "rootEmpty": false,
          "_timeout": 2000
        }
      ],
      "passes": [],
      "failures": [],
      "pending": [],
      "skipped": [],
      "duration": 0,
      "root": true,
      "rootEmpty": true,
      "_timeout": 2000
    }
  ],
  "meta": {
    "mocha": {
      "version": "7.0.1"
    },
    "mochawesome": {
      "options": {
        "quiet": false,
        "reportFilename": "mochawesome",
        "saveHtml": false,
        "saveJson": true,
        "consoleReporter": "spec",
        "useInlineDiffs": false,
        "code": true
      },
      "version": "7.1.4"
    },
    "marge": {
      "options": {
        "reportDir": "cypress/results",
        "overwrite": false,
        "html": false,
        "json": true
      },
      "version": "6.3.2"
    }
  }
}