{
  "stats": {
    "suites": 1,
    "tests": 5,
    "passes": 4,
    "pending": 0,
    "failures": 1,
    "start": "2026-09-12T18:05:02.975Z",
    "end": "2026-09-12T18:05:10.471Z",
    "duration": 7496,
    "testsRegistered": 5,
    "passPercent": 80,
    "pendingPercent": 0,
    "other": 0,
    "hasOther": false,
    "skipped": 0,
    "hasSkipped": false
  },
  "results": [
    {
      "uuid": "550319c7-baf4-4a47-9f98-92a27c375a8c",
      "title": "",
      "fullFile": "cypress\\e2e\\booking.cy.js",
      "file": "cypress\\e2e\\booking.cy.js",
      "beforeHooks": [],
      "afterHooks": [],
      "tests": [],
      "suites": [
        {
          "uuid": "ab1df775-0c5b-4b52-a8ee-60b38217ab37",
          "title": "Event booking flow",
          "fullFile": "",
          "file": "",
          "beforeHooks": [],
          "afterHooks": [],
          "tests": [
            {
              "title": "lists available events",
              "fullTitle": "Event booking flow lists available events",
              "timedOut": null,
              "duration": 2281,
              "state": "passed",
              "speed": "fast",
              "pass": true,
              "fail": false,
              "pending": false,
              "context": null,
              "code": "cy.get('[data-cy=event-card]').should('have.length.greaterThan', 0);",
              "err": {},
              "uuid": "d8301b02-f3de-4ee4-977a-9ec06e090de0",
              "parentUUID": "ab1df775-0c5b-4b52-a8ee-60b38217ab37",
              "isHook": false,
              "skipped": false
            },
            {
              "title": "shows the booking form after selecting an event",
              "fullTitle": "Event booking flow shows the booking form after selecting an event",
              "timedOut": null,
              "duration": 404,
              "state": "passed",
              "speed": "fast",
              "pass": true,
              "fail": false,
              "pending": false,
              "context": null,
              "code": "cy.get('[data-cy=select-event]').first().click();\ncy.get('[data-cy=customer-name]').should('be.visible');",
              "err": {},
              "uuid": "623437e9-8d78-4a49-b2f7-73700f67764f",
              "parentUUID": "ab1df775-0c5b-4b52-a8ee-60b38217ab37",
              "isHook": false,
              "skipped": false
            },
            {
              "title": "rejects booking with missing fields",
              "fullTitle": "Event booking flow rejects booking with missing fields",
              "timedOut": null,
              "duration": 372,
              "state": "passed",
              "speed": "fast",
              "pass": true,
              "fail": false,
              "pending": false,
              "context": null,
              "code": "cy.get('[data-cy=select-event]').first().click();\ncy.get('[data-cy=submit-booking]').click();\ncy.get('[data-cy=booking-error]').should('be.visible');",
              "err": {},
              "uuid": "c1295d6d-c5b9-44e0-8a7b-c708915fd615",
              "parentUUID": "ab1df775-0c5b-4b52-a8ee-60b38217ab37",
              "isHook": false,
              "skipped": false
            },
            {
              "title": "confirms a valid booking",
              "fullTitle": "Event booking flow confirms a valid booking",
              "timedOut": null,
              "duration": 1900,
              "state": "passed",
              "speed": "fast",
              "pass": true,
              "fail": false,
              "pending": false,
              "context": null,
              "code": "cy.get('[data-cy=select-event]').first().click();\ncy.get('[data-cy=customer-name]').type('Fahim Rahman');\ncy.get('[data-cy=customer-email]').type('fahim@example.com');\ncy.get('[data-cy=seat-count]').clear().type('2');\ncy.get('[data-cy=submit-booking]').click();\ncy.get('[data-cy=booking-success]').should('be.visible');",
              "err": {},
              "uuid": "4294a912-c1d6-400a-ab6d-ad579ffbf170",
              "parentUUID": "ab1df775-0c5b-4b52-a8ee-60b38217ab37",
              "isHook": false,
              "skipped": false
            },
            {
              "title": "reduces available seats after a successful booking",
              "fullTitle": "Event booking flow reduces available seats after a successful booking",
              "timedOut": null,
              "duration": 2206,
              "state": "failed",
              "speed": null,
              "pass": false,
              "fail": true,
              "pending": false,
              "context": null,
              "code": "const eventName = 'Dhaka Tech Summit 2026';\ncy.contains('[data-cy=event-card]', eventName).find('p').eq(1).invoke('text').then(before => {\n  const seatsBefore = parseInt(before.match(/(\\d+)\\s*\\/\\s*(\\d+)/)[1], 10);\n  cy.contains('[data-cy=event-card]', eventName).find('[data-cy=select-event]').click();\n  cy.get('[data-cy=customer-name]').type('Nusrat Jahan');\n  cy.get('[data-cy=customer-email]').type('nusrat@example.com');\n  cy.get('[data-cy=seat-count]').clear().type('3');\n  cy.get('[data-cy=submit-booking]').click();\n  cy.get('[data-cy=booking-success]').should('be.visible');\n  cy.reload();\n  cy.contains('[data-cy=event-card]', eventName).find('p').eq(1).invoke('text').then(after => {\n    const seatsAfter = parseInt(after.match(/(\\d+)\\s*\\/\\s*(\\d+)/)[1], 10);\n    expect(seatsAfter).to.eq(seatsBefore - 3);\n  });\n});",
              "err": {
                "message": "AssertionError: expected 205 to equal 199",
                "estack": "AssertionError: expected 205 to equal 199\n    at Context.eval (webpack://sentinel-e2e-and-tools/./cypress/e2e/booking.cy.js:53:34)",
                "diff": "- 205\n+ 199\n"
              },
              "uuid": "45e3d68a-3c1e-422e-a1ad-deb30c3cfd03",
              "parentUUID": "ab1df775-0c5b-4b52-a8ee-60b38217ab37",
              "isHook": false,
              "skipped": false
            }
          ],
          "suites": [],
          "passes": [
            "d8301b02-f3de-4ee4-977a-9ec06e090de0",
            "623437e9-8d78-4a49-b2f7-73700f67764f",
            "c1295d6d-c5b9-44e0-8a7b-c708915fd615",
            "4294a912-c1d6-400a-ab6d-ad579ffbf170"
          ],
          "failures": [
            "45e3d68a-3c1e-422e-a1ad-deb30c3cfd03"
          ],
          "pending": [],
          "skipped": [],
          "duration": 7163,
          "root": false,
          "rootEmpty": false,
          "_timeout": 2000
        }
      ],
      "passes": [],
      "failures": [],
      "pending": [],
      "skipped": [],
      "duration": 0,
      "root": true,
      "rootEmpty": true,
      "_timeout": 2000
    }
  ],
  "meta": {
    "mocha": {
      "version": "7.0.1"
    },
    "mochawesome": {
      "options": {
        "quiet": false,
        "reportFilename": "mochawesome",
        "saveHtml": false,
        "saveJson": true,
        "consoleReporter": "spec",
        "useInlineDiffs": false,
        "code": true
      },
      "version": "7.1.4"
    },
    "marge": {
      "options": {
        "reportDir": "cypress/results",
        "overwrite": false,
        "html": false,
        "json": true
      },
      "version": "6.3.2"
    }
  }
}