{
  "stats": {
    "suites": 1,
    "tests": 5,
    "passes": 4,
    "pending": 0,
    "failures": 1,
    "start": "2026-09-12T10:18:01.970Z",
    "end": "2026-09-12T10:18:06.371Z",
    "duration": 4401,
    "testsRegistered": 5,
    "passPercent": 80,
    "pendingPercent": 0,
    "other": 0,
    "hasOther": false,
    "skipped": 0,
    "hasSkipped": false
  },
  "results": [
    {
      "uuid": "9bd8efa7-60d5-4961-af8c-f444dc8be640",
      "title": "",
      "fullFile": "cypress\\e2e\\booking.cy.js",
      "file": "cypress\\e2e\\booking.cy.js",
      "beforeHooks": [],
      "afterHooks": [],
      "tests": [],
      "suites": [
        {
          "uuid": "d9332f7e-cdd1-4799-8445-8984ff258a43",
          "title": "Event booking flow",
          "fullFile": "",
          "file": "",
          "beforeHooks": [],
          "afterHooks": [],
          "tests": [
            {
              "title": "lists available events",
              "fullTitle": "Event booking flow lists available events",
              "timedOut": null,
              "duration": 900,
              "state": "passed",
              "speed": "fast",
              "pass": true,
              "fail": false,
              "pending": false,
              "context": null,
              "code": "cy.get('[data-cy=event-card]').should('have.length.greaterThan', 0);",
              "err": {},
              "uuid": "98a69e83-bad4-498b-a20d-f20dfc2185d2",
              "parentUUID": "d9332f7e-cdd1-4799-8445-8984ff258a43",
              "isHook": false,
              "skipped": false
            },
            {
              "title": "shows the booking form after selecting an event",
              "fullTitle": "Event booking flow shows the booking form after selecting an event",
              "timedOut": null,
              "duration": 308,
              "state": "passed",
              "speed": "fast",
              "pass": true,
              "fail": false,
              "pending": false,
              "context": null,
              "code": "cy.get('[data-cy=select-event]').first().click();\ncy.get('[data-cy=customer-name]').should('be.visible');",
              "err": {},
              "uuid": "fb15a5f7-66e9-4b4c-9af6-7c54c6627023",
              "parentUUID": "d9332f7e-cdd1-4799-8445-8984ff258a43",
              "isHook": false,
              "skipped": false
            },
            {
              "title": "rejects booking with missing fields",
              "fullTitle": "Event booking flow rejects booking with missing fields",
              "timedOut": null,
              "duration": 307,
              "state": "passed",
              "speed": "fast",
              "pass": true,
              "fail": false,
              "pending": false,
              "context": null,
              "code": "cy.get('[data-cy=select-event]').first().click();\ncy.get('[data-cy=submit-booking]').click();\ncy.get('[data-cy=booking-error]').should('be.visible');",
              "err": {},
              "uuid": "ccb707cd-69f9-4c90-ae02-60d7252de9d4",
              "parentUUID": "d9332f7e-cdd1-4799-8445-8984ff258a43",
              "isHook": false,
              "skipped": false
            },
            {
              "title": "confirms a valid booking",
              "fullTitle": "Event booking flow confirms a valid booking",
              "timedOut": null,
              "duration": 1158,
              "state": "passed",
              "speed": "fast",
              "pass": true,
              "fail": false,
              "pending": false,
              "context": null,
              "code": "cy.get('[data-cy=select-event]').first().click();\ncy.get('[data-cy=customer-name]').type('Fahim Rahman');\ncy.get('[data-cy=customer-email]').type('fahim@example.com');\ncy.get('[data-cy=seat-count]').clear().type('2');\ncy.get('[data-cy=submit-booking]').click();\ncy.get('[data-cy=booking-success]').should('be.visible');",
              "err": {},
              "uuid": "0faf943a-13f4-4754-b573-1684f760aefe",
              "parentUUID": "d9332f7e-cdd1-4799-8445-8984ff258a43",
              "isHook": false,
              "skipped": false
            },
            {
              "title": "reduces available seats after a successful booking",
              "fullTitle": "Event booking flow reduces available seats after a successful booking",
              "timedOut": null,
              "duration": 1582,
              "state": "failed",
              "speed": null,
              "pass": false,
              "fail": true,
              "pending": false,
              "context": null,
              "code": "cy.get('[data-cy=event-card]').first().find('p').eq(1).invoke('text').then(before => {\n  const seatsBefore = parseInt(before.match(/(\\d+)\\s*\\/\\s*(\\d+)/)[1], 10);\n  cy.get('[data-cy=select-event]').first().click();\n  cy.get('[data-cy=customer-name]').type('Nusrat Jahan');\n  cy.get('[data-cy=customer-email]').type('nusrat@example.com');\n  cy.get('[data-cy=seat-count]').clear().type('3');\n  cy.get('[data-cy=submit-booking]').click();\n  cy.get('[data-cy=booking-success]').should('be.visible');\n  cy.reload();\n  cy.get('[data-cy=event-card]').first().find('p').eq(1).invoke('text').then(after => {\n    const seatsAfter = parseInt(after.match(/(\\d+)\\s*\\/\\s*(\\d+)/)[1], 10);\n    expect(seatsAfter).to.eq(seatsBefore - 3);\n  });\n});",
              "err": {
                "message": "AssertionError: expected 83 to equal 199",
                "estack": "AssertionError: expected 83 to equal 199\n    at Context.eval (webpack://sentinel-e2e-and-tools/./cypress/e2e/booking.cy.js:48:30)",
                "diff": "- 83\n+ 199\n"
              },
              "uuid": "23ec072f-961d-43b5-8a8c-c3009be19134",
              "parentUUID": "d9332f7e-cdd1-4799-8445-8984ff258a43",
              "isHook": false,
              "skipped": false
            }
          ],
          "suites": [],
          "passes": [
            "98a69e83-bad4-498b-a20d-f20dfc2185d2",
            "fb15a5f7-66e9-4b4c-9af6-7c54c6627023",
            "ccb707cd-69f9-4c90-ae02-60d7252de9d4",
            "0faf943a-13f4-4754-b573-1684f760aefe"
          ],
          "failures": [
            "23ec072f-961d-43b5-8a8c-c3009be19134"
          ],
          "pending": [],
          "skipped": [],
          "duration": 4255,
          "root": false,
          "rootEmpty": false,
          "_timeout": 2000
        }
      ],
      "passes": [],
      "failures": [],
      "pending": [],
      "skipped": [],
      "duration": 0,
      "root": true,
      "rootEmpty": true,
      "_timeout": 2000
    }
  ],
  "meta": {
    "mocha": {
      "version": "7.0.1"
    },
    "mochawesome": {
      "options": {
        "quiet": false,
        "reportFilename": "mochawesome",
        "saveHtml": false,
        "saveJson": true,
        "consoleReporter": "spec",
        "useInlineDiffs": false,
        "code": true
      },
      "version": "7.1.4"
    },
    "marge": {
      "options": {
        "reportDir": "cypress/results",
        "overwrite": false,
        "html": false,
        "json": true
      },
      "version": "6.3.2"
    }
  }
}